{
  "RSpec": {
    "coverage": {
      "/Users/james/Projects/panda_cms/spec/dummy/config/environment.rb": {
        "lines": [
          null,
          1,
          null,
          null,
          1,
          1,
          1,
          null,
          null,
          null,
          1
        ]
      },
      "/Users/james/Projects/panda_cms/spec/dummy/config/application.rb": {
        "lines": [
          1,
          null,
          1,
          null,
          null,
          1,
          1,
          null,
          1,
          1,
          1,
          null,
          null,
          1,
          1,
          null,
          null,
          null,
          null,
          1,
          null,
          null,
          null,
          null,
          null,
          null,
          1,
          null,
          null,
          1,
          null,
          1,
          1,
          1,
          1,
          null,
          null,
          null
        ]
      },
      "/Users/james/Projects/panda_cms/spec/dummy/config/boot.rb": {
        "lines": [
          1,
          null,
          1,
          1
        ]
      },
      "/Users/james/Projects/panda_cms/lib/panda/cms.rb": {
        "lines": [
          1,
          1,
          1,
          1,
          1,
          1,
          1,
          1,
          1,
          1,
          1,
          null,
          1,
          1,
          1,
          null,
          1,
          1,
          1,
          1,
          1,
          1,
          1,
          1,
          1,
          1,
          1,
          1,
          null,
          1,
          1,
          1,
          null,
          1,
          1,
          1,
          1,
          1,
          1,
          1,
          null,
          1,
          23,
          null,
          null,
          1,
          1,
          33,
          null,
          null,
          1,
          2,
          null,
          null,
          null,
          null
        ]
      },
      "/Users/james/Projects/panda_cms/lib/panda.rb": {
        "lines": [
          1,
          1,
          null,
          null,
          null,
          1,
          1
        ]
      },
      "/Users/james/Projects/panda_cms/lib/panda/cms/engine.rb": {
        "lines": [
          1,
          1,
          1,
          1,
          null,
          1,
          null,
          1,
          1,
          1,
          1,
          1,
          null,
          null,
          1,
          1,
          null,
          null,
          1,
          1,
          1,
          1,
          null,
          null,
          1,
          1,
          0,
          null,
          null,
          1,
          1,
          1,
          null,
          null,
          1,
          1,
          null,
          null,
          null,
          1,
          1,
          1,
          1,
          1,
          1,
          null,
          null,
          null,
          1,
          null,
          null,
          null,
          null,
          null,
          null,
          null,
          null,
          1,
          1,
          1,
          1,
          null,
          null,
          null,
          null,
          1,
          1,
          null,
          1,
          0,
          null,
          null,
          null,
          1,
          null,
          null,
          1,
          0,
          null,
          1,
          null,
          null,
          null,
          1,
          null,
          1,
          1,
          1,
          1,
          1,
          1,
          null,
          null,
          null,
          1,
          1,
          null,
          null,
          null,
          1,
          3276,
          null,
          null,
          null,
          null,
          1,
          3276,
          null,
          null,
          null,
          null,
          1,
          null,
          null,
          null,
          1,
          3164,
          3164,
          3164,
          null,
          null,
          null,
          null,
          null,
          null,
          null,
          null,
          null,
          null,
          null,
          null,
          null,
          null,
          1,
          1,
          1,
          1,
          null,
          1,
          null,
          null,
          null,
          1,
          1,
          null,
          1,
          null,
          null,
          null,
          null,
          null,
          null,
          null,
          null,
          null,
          null,
          null,
          null,
          null,
          null,
          null,
          null,
          null,
          null,
          null,
          null,
          null,
          null,
          null,
          null,
          null,
          null,
          null,
          null,
          null,
          null,
          null,
          null,
          null,
          null,
          null,
          null,
          null,
          null,
          null,
          null,
          null,
          null,
          null,
          null,
          null,
          null,
          null,
          null,
          null,
          null,
          null,
          null,
          null,
          null,
          null,
          null,
          null,
          null,
          null,
          null,
          null,
          null,
          null,
          null,
          null,
          null,
          null,
          1,
          3,
          2,
          2,
          null,
          2,
          2,
          null,
          0,
          null,
          null,
          2,
          null,
          2,
          2,
          null,
          null,
          null,
          null,
          null,
          null,
          1,
          null,
          1,
          null,
          null
        ]
      },
      "/Users/james/Projects/panda_cms/lib/panda/cms/railtie.rb": {
        "lines": [
          1,
          1,
          1,
          1,
          null,
          null,
          null,
          null
        ]
      },
      "/Users/james/Projects/panda_cms/lib/panda/cms/exceptions_app.rb": {
        "lines": [
          null,
          1,
          1,
          1,
          1,
          0,
          null,
          null,
          1,
          0,
          null,
          0,
          null,
          0,
          null,
          null,
          1,
          null,
          1,
          0,
          null,
          0,
          null,
          null,
          null,
          null
        ]
      },
      "/Users/james/Projects/panda_cms/lib/panda/cms/demo_site_generator.rb": {
        "lines": [
          1,
          1,
          1,
          1,
          null,
          1,
          35,
          35,
          35,
          null,
          null,
          null,
          null,
          null,
          null,
          1,
          null,
          null,
          35,
          null,
          null,
          null,
          35,
          70,
          70,
          null,
          null,
          35,
          35,
          null,
          null,
          null,
          null,
          null,
          null,
          1,
          35,
          35,
          35,
          35,
          null,
          35,
          35,
          null,
          35,
          null,
          null,
          null,
          null,
          null,
          null,
          1,
          35,
          35,
          35,
          null,
          null,
          35,
          35,
          35,
          null,
          null,
          35,
          null,
          null,
          null,
          null
        ]
      },
      "/Users/james/Projects/panda_cms/lib/panda/cms/editor_js.rb": {
        "lines": [
          1,
          1,
          1,
          1,
          1,
          1,
          1,
          1,
          1,
          null,
          1,
          1,
          1,
          null,
          null,
          null
        ]
      },
      "/Users/james/Projects/panda_cms/lib/panda/cms/editor_js/blocks/base.rb": {
        "lines": [
          1,
          1,
          1,
          1,
          1,
          1,
          1,
          null,
          1,
          null,
          1,
          46,
          46,
          null,
          null,
          1,
          1,
          null,
          null,
          1,
          null,
          1,
          36,
          null,
          null,
          1,
          59,
          null,
          null,
          null,
          null,
          null,
          null
        ]
      },
      "/Users/james/Projects/panda_cms/lib/panda/cms/editor_js/blocks/alert.rb": {
        "lines": [
          1,
          1,
          1,
          1,
          1,
          1,
          2,
          2,
          null,
          2,
          null,
          null,
          null,
          null,
          null,
          null,
          1,
          null,
          1,
          2,
          1,
          0,
          0,
          0,
          1,
          0,
          0,
          null,
          null,
          null,
          null,
          null,
          null,
          null
        ]
      },
      "/Users/james/Projects/panda_cms/lib/panda/cms/editor_js/blocks/header.rb": {
        "lines": [
          1,
          1,
          1,
          1,
          1,
          1,
          6,
          6,
          6,
          null,
          null,
          null,
          null,
          null,
          null
        ]
      },
      "/Users/james/Projects/panda_cms/lib/panda/cms/editor_js/blocks/image.rb": {
        "lines": [
          1,
          1,
          1,
          1,
          1,
          1,
          2,
          2,
          2,
          2,
          2,
          null,
          2,
          2,
          2,
          2,
          null,
          2,
          null,
          null,
          null,
          null,
          null,
          null,
          null,
          1,
          null,
          1,
          2,
          1,
          null,
          null,
          null,
          null,
          null,
          null
        ]
      },
      "/Users/james/Projects/panda_cms/lib/panda/cms/editor_js/blocks/list.rb": {
        "lines": [
          1,
          1,
          1,
          1,
          1,
          1,
          5,
          5,
          null,
          null,
          null,
          null,
          null,
          null,
          1,
          null,
          1,
          5,
          11,
          11,
          11,
          null,
          null,
          null,
          1,
          2,
          null,
          null,
          null,
          null,
          null,
          null
        ]
      },
      "/Users/james/Projects/panda_cms/lib/panda/cms/editor_js/blocks/paragraph.rb": {
        "lines": [
          1,
          1,
          1,
          1,
          1,
          1,
          15,
          15,
          14,
          null,
          null,
          null,
          null,
          null,
          null
        ]
      },
      "/Users/james/Projects/panda_cms/lib/panda/cms/editor_js/blocks/quote.rb": {
        "lines": [
          1,
          1,
          1,
          1,
          1,
          1,
          4,
          4,
          4,
          null,
          null,
          4,
          null,
          null,
          null,
          null,
          null,
          4,
          null,
          null,
          1,
          null,
          1,
          null,
          4,
          4,
          0,
          null,
          4,
          null,
          null,
          null,
          1,
          4,
          3,
          null,
          null,
          null,
          null,
          null,
          null
        ]
      },
      "/Users/james/Projects/panda_cms/lib/panda/cms/editor_js/blocks/table.rb": {
        "lines": [
          1,
          1,
          1,
          1,
          1,
          1,
          2,
          2,
          null,
          2,
          null,
          null,
          null,
          null,
          null,
          null,
          null,
          null,
          1,
          null,
          1,
          2,
          2,
          null,
          2,
          5,
          1,
          null,
          4,
          null,
          5,
          null,
          null,
          2,
          null,
          null,
          1,
          4,
          1,
          null,
          null,
          1,
          16,
          4,
          null,
          null,
          null,
          null,
          null,
          null
        ]
      },
      "/Users/james/Projects/panda_cms/lib/panda/cms/editor_js/renderer.rb": {
        "lines": [
          1,
          1,
          1,
          1,
          1,
          null,
          1,
          21,
          21,
          21,
          21,
          21,
          null,
          null,
          1,
          18,
          null,
          46,
          16,
          25,
          null,
          25,
          null,
          null,
          16,
          null,
          null,
          1,
          1,
          null,
          1,
          1,
          null,
          1,
          null,
          null,
          1,
          2,
          null,
          2,
          2,
          null,
          null,
          2,
          2,
          null,
          null,
          null,
          null,
          null,
          1,
          null,
          1,
          1,
          null,
          null,
          1,
          0,
          0,
          null,
          null,
          null,
          null,
          null,
          null,
          0,
          null,
          null,
          0,
          null,
          1,
          1,
          null,
          null,
          null,
          1,
          0,
          null,
          0,
          0,
          0,
          null,
          null,
          null,
          1,
          25,
          6,
          null,
          19,
          null,
          null,
          null,
          1,
          19,
          19,
          null,
          0,
          null,
          null,
          1,
          0,
          0,
          null,
          null,
          null,
          1,
          30,
          null,
          null,
          1,
          25,
          25,
          null,
          null,
          null,
          null,
          null
        ]
      },
      "/Users/james/Projects/panda_cms/lib/panda/cms/editor_js_content.rb": {
        "lines": [
          1,
          1,
          null,
          1,
          4,
          4,
          null,
          4,
          4,
          null,
          4,
          187,
          187,
          null,
          null,
          4,
          null,
          null,
          1,
          0,
          null,
          null,
          1,
          188,
          null,
          187,
          2,
          null,
          185,
          null,
          null,
          null
        ]
      },
      "/Users/james/Projects/panda_cms/lib/panda/cms/slug.rb": {
        "lines": [
          1,
          1,
          1,
          null,
          null,
          null,
          null,
          null,
          null,
          1,
          null,
          5,
          null,
          5,
          null,
          5,
          null,
          5,
          null,
          5,
          null,
          null,
          null,
          null
        ]
      },
      "/Users/james/Projects/panda_cms/spec/dummy/config/environments/test.rb": {
        "lines": [
          1,
          1,
          1,
          null,
          null,
          null,
          null,
          null,
          null,
          1,
          1,
          1,
          0,
          0,
          0,
          null,
          null,
          null,
          null,
          null,
          null,
          1,
          null,
          null,
          null,
          null,
          null,
          1,
          null,
          null,
          1,
          1,
          null,
          null,
          null,
          null,
          1,
          1,
          1,
          null,
          null,
          1,
          null,
          null,
          1,
          null,
          null,
          1,
          null,
          1,
          null,
          null,
          null,
          null,
          1,
          null,
          null,
          1,
          null,
          null,
          1,
          null,
          null,
          1,
          null,
          null,
          1,
          null,
          null,
          1,
          null,
          null,
          1,
          null,
          1,
          1,
          1,
          null
        ]
      },
      "/Users/james/Projects/panda_cms/config/initializers/inflections.rb": {
        "lines": [
          1,
          1,
          null
        ]
      },
      "/Users/james/Projects/panda_cms/config/initializers/panda/cms/form_errors.rb": {
        "lines": [
          1,
          14,
          14,
          14,
          14,
          14,
          null,
          14,
          14,
          14,
          null,
          14,
          null,
          null,
          14,
          14,
          14,
          null,
          0,
          null,
          null,
          14,
          7,
          null,
          7,
          7,
          4,
          3,
          3,
          null,
          0,
          null,
          null,
          null,
          null,
          null,
          14,
          null
        ]
      },
      "/Users/james/Projects/panda_cms/config/initializers/panda/cms/healthcheck_log_silencer.rb": {
        "lines": [
          1,
          null,
          null,
          1,
          1,
          null,
          null,
          null,
          null,
          null,
          null
        ]
      },
      "/Users/james/Projects/panda_cms/config/initializers/panda/cms/paper_trail.rb": {
        "lines": [
          1,
          0,
          0,
          null,
          null,
          null,
          null
        ]
      },
      "/Users/james/Projects/panda_cms/config/initializers/panda_cms.rb": {
        "lines": [
          1,
          null,
          1,
          null,
          null,
          1,
          null,
          null,
          1,
          null
        ]
      },
      "/Users/james/Projects/panda_cms/spec/dummy/config/initializers/assets.rb": {
        "lines": [
          null,
          null,
          null,
          null,
          null,
          null,
          null,
          null,
          null,
          null,
          null,
          null
        ]
      },
      "/Users/james/Projects/panda_cms/spec/dummy/config/initializers/content_security_policy.rb": {
        "lines": [
          null,
          null,
          null,
          null,
          null,
          null,
          null,
          null,
          null,
          null,
          null,
          null,
          null,
          null,
          null,
          null,
          null,
          null,
          null,
          null,
          null,
          null,
          null,
          null,
          null
        ]
      },
      "/Users/james/Projects/panda_cms/spec/dummy/config/initializers/filter_parameter_logging.rb": {
        "lines": [
          null,
          null,
          null,
          null,
          null,
          1,
          null,
          null
        ]
      },
      "/Users/james/Projects/panda_cms/spec/dummy/config/initializers/inflections.rb": {
        "lines": [
          null,
          null,
          null,
          null,
          null,
          null,
          null,
          null,
          null,
          null,
          null,
          null,
          null,
          null,
          null,
          null
        ]
      },
      "/Users/james/Projects/panda_cms/spec/dummy/config/initializers/new_framework_defaults_7_1.rb": {
        "lines": [
          null,
          null,
          null,
          null,
          null,
          null,
          null,
          null,
          null,
          null,
          null,
          null,
          null,
          null,
          null,
          null,
          null,
          null,
          null,
          null,
          null,
          null,
          null,
          null,
          null,
          null,
          null,
          null,
          null,
          null,
          null,
          null,
          null,
          null,
          null,
          null,
          null,
          null,
          null,
          null,
          null,
          null,
          null,
          null,
          null,
          null,
          null,
          null,
          null,
          null,
          null,
          null,
          null,
          null,
          null,
          null,
          null,
          null,
          null,
          null,
          null,
          null,
          null,
          null,
          null,
          null,
          null,
          null,
          null,
          null,
          null,
          null,
          null,
          null,
          null,
          null,
          null,
          null,
          null,
          null,
          null,
          null,
          null,
          null,
          null,
          null,
          null,
          null,
          null,
          null,
          null,
          null,
          null,
          null,
          null,
          null,
          null,
          null,
          null,
          null,
          null,
          null,
          null,
          null,
          null,
          null,
          null,
          null,
          null,
          null,
          null,
          null,
          null,
          null,
          null,
          null,
          null,
          null,
          null,
          null,
          null,
          null,
          null,
          null,
          null,
          null,
          null,
          null,
          null,
          null,
          null,
          null,
          null,
          null,
          null,
          null,
          null,
          null,
          null,
          null,
          null,
          null,
          null,
          null,
          null,
          null,
          null,
          null,
          null,
          null,
          null,
          null,
          null,
          null,
          null,
          null,
          null,
          null,
          null,
          null,
          null,
          null,
          null,
          null,
          null,
          null,
          null,
          null,
          null,
          null,
          null,
          null,
          null,
          null,
          null,
          null,
          null,
          null,
          null,
          null,
          null,
          null,
          null,
          null,
          null,
          null,
          null,
          null,
          null,
          null,
          null,
          null,
          null,
          null,
          null,
          null,
          null,
          null,
          null,
          null,
          null,
          null,
          null,
          null,
          null,
          null,
          null,
          null,
          null,
          null,
          null,
          null,
          null,
          null,
          null,
          null,
          null,
          null,
          null,
          null,
          null,
          null,
          null,
          null,
          null,
          null,
          null,
          null,
          null,
          null,
          null,
          null,
          null,
          null,
          null,
          null,
          null,
          null,
          null,
          null,
          null,
          null,
          null,
          null,
          null,
          null,
          null,
          null,
          null,
          null,
          null,
          null,
          null,
          null,
          null,
          null,
          null,
          null,
          null,
          null,
          null,
          null,
          null,
          null,
          null,
          null,
          null,
          null,
          null,
          null,
          null,
          null,
          null,
          null,
          null,
          null,
          null,
          null,
          null,
          null
        ]
      },
      "/Users/james/Projects/panda_cms/spec/dummy/config/initializers/panda_cms.rb": {
        "lines": [
          1,
          null,
          null,
          1,
          null,
          null,
          1,
          null,
          1,
          null,
          1,
          null,
          null,
          null,
          null,
          null,
          null,
          null,
          null,
          null,
          null,
          null,
          null,
          null,
          null,
          null,
          null,
          null,
          null,
          null,
          null,
          null,
          null,
          null,
          null,
          null,
          null,
          null,
          null,
          null,
          null,
          null,
          null,
          null
        ]
      },
      "/Users/james/Projects/panda_cms/spec/dummy/config/initializers/permissions_policy.rb": {
        "lines": [
          null,
          null,
          null,
          null,
          null,
          null,
          null,
          null,
          null,
          null,
          null,
          null,
          null
        ]
      },
      "/Users/james/Projects/panda_cms/app/controllers/panda/cms/application_controller.rb": {
        "lines": [
          1,
          1,
          1,
          1,
          1,
          null,
          1,
          null,
          null,
          1,
          null,
          1,
          null,
          1,
          1,
          1,
          null,
          1,
          130,
          null,
          null,
          1,
          78,
          null,
          null,
          null,
          null,
          1,
          124,
          124,
          124,
          124,
          124,
          124,
          null,
          124,
          null,
          null,
          1,
          0,
          null,
          null,
          1,
          63,
          null,
          null,
          null,
          1,
          308,
          null,
          null,
          1,
          63,
          null,
          null,
          null,
          null
        ]
      },
      "/Users/james/Projects/panda_cms/app/helpers/panda/cms/application_helper.rb": {
        "lines": [
          1,
          1,
          1,
          null,
          null,
          null,
          null,
          null,
          1,
          0,
          0,
          null,
          null,
          null,
          null,
          1,
          62,
          52,
          null,
          10,
          null,
          null,
          null,
          1,
          0,
          0,
          null,
          null,
          null,
          1,
          312,
          260,
          52,
          52,
          null,
          null,
          0,
          null,
          null,
          1,
          0,
          0,
          null,
          null,
          1,
          24,
          24,
          24,
          null,
          null,
          1,
          0,
          0,
          null,
          0,
          null,
          null,
          null,
          1,
          52,
          null,
          null,
          1,
          364,
          null,
          null,
          1,
          8,
          null,
          2,
          null,
          6,
          null,
          0,
          null,
          0,
          null,
          0,
          null,
          0,
          null,
          0,
          null,
          0,
          null,
          0,
          null,
          0,
          null,
          0,
          null,
          0,
          null,
          null,
          null,
          1,
          8,
          null,
          null,
          1,
          0,
          null,
          0,
          null,
          0,
          null,
          0,
          null,
          0,
          null,
          0,
          null,
          0,
          null,
          null,
          null,
          null,
          null
        ]
      },
      "/Users/james/Projects/panda_cms/app/helpers/panda/cms/admin/files_helper.rb": {
        "lines": [
          1,
          1,
          1,
          null,
          null,
          null
        ]
      },
      "/Users/james/Projects/panda_cms/app/helpers/panda/cms/admin/pages_helper.rb": {
        "lines": [
          1,
          1,
          1,
          null,
          null,
          null
        ]
      },
      "/Users/james/Projects/panda_cms/app/helpers/panda/cms/pages_helper.rb": {
        "lines": [
          1,
          1,
          1,
          null,
          null,
          null
        ]
      },
      "/Users/james/Projects/panda_cms/app/helpers/panda/cms/theme_helper.rb": {
        "lines": [
          1,
          1,
          1,
          null,
          1,
          0,
          null,
          null,
          1,
          0,
          null,
          null,
          1,
          0,
          null,
          null,
          null,
          null
        ]
      },
      "/Users/james/Projects/panda_cms/spec/dummy/app/helpers/application_helper.rb": {
        "lines": [
          1,
          null
        ]
      },
      "/Users/james/Projects/panda_cms/spec/factories/block_content_versions.rb": {
        "lines": [
          1,
          1,
          null,
          null
        ]
      },
      "/Users/james/Projects/panda_cms/spec/factories/block_contents.rb": {
        "lines": [
          1,
          1,
          1,
          1,
          null,
          null
        ]
      },
      "/Users/james/Projects/panda_cms/spec/factories/form_submissions.rb": {
        "lines": [
          1,
          1,
          null,
          null
        ]
      },
      "/Users/james/Projects/panda_cms/spec/factories/menu_items.rb": {
        "lines": [
          1,
          1,
          1,
          1,
          null,
          1,
          1,
          null,
          null,
          1,
          1,
          null,
          null,
          null
        ]
      },
      "/Users/james/Projects/panda_cms/spec/factories/menus.rb": {
        "lines": [
          1,
          1,
          1,
          null,
          null
        ]
      },
      "/Users/james/Projects/panda_cms/spec/factories/page_versions.rb": {
        "lines": [
          1,
          1,
          null,
          null
        ]
      },
      "/Users/james/Projects/panda_cms/spec/factories/pages.rb": {
        "lines": [
          1,
          1,
          2,
          2,
          1,
          1,
          2,
          null,
          null
        ]
      },
      "/Users/james/Projects/panda_cms/spec/factories/posts.rb": {
        "lines": [
          1,
          1,
          2,
          2,
          2,
          1,
          null,
          null
        ]
      },
      "/Users/james/Projects/panda_cms/spec/factories/rich_text_versions.rb": {
        "lines": [
          1,
          1,
          null,
          null
        ]
      },
      "/Users/james/Projects/panda_cms/spec/factories/template.rb": {
        "lines": [
          1,
          1,
          6,
          2,
          null,
          null
        ]
      },
      "/Users/james/Projects/panda_cms/spec/factories/users.rb": {
        "lines": [
          1,
          1,
          4,
          4,
          6,
          null,
          null
        ]
      },
      "/Users/james/Projects/panda_cms/spec/support/editor_js_helper.rb": {
        "lines": [
          1,
          1,
          48,
          null,
          null
        ]
      },
      "/Users/james/Projects/panda_cms/spec/support/setup.rb": {
        "lines": [
          1,
          0,
          0,
          null,
          null,
          1,
          0,
          null
        ]
      },
      "/Users/james/Projects/panda_cms/spec/support/shared_contexts/standard_pages.rb": {
        "lines": [
          1,
          5,
          34,
          34,
          null,
          null,
          5,
          34,
          null,
          null,
          null,
          null,
          null,
          34,
          null,
          null,
          null,
          null,
          null,
          null,
          null,
          34,
          null,
          null,
          null,
          null,
          null,
          null,
          null,
          null,
          null,
          null,
          null,
          null,
          null,
          null,
          34,
          34,
          null,
          null,
          5,
          34,
          null,
          null,
          null,
          null,
          34,
          null,
          null,
          null,
          null,
          null,
          null,
          null,
          null,
          34,
          null,
          null,
          null,
          null,
          null,
          null,
          null,
          null,
          null,
          null,
          null,
          null,
          null,
          null,
          null,
          null,
          null,
          null,
          null,
          null,
          null,
          34,
          null,
          null,
          null,
          1,
          68,
          170,
          null,
          null,
          null,
          null,
          null,
          null
        ]
      },
      "/Users/james/Projects/panda_cms/spec/lib/panda/cms/editor_js/blocks/base_spec.rb": {
        "lines": [
          1,
          null,
          1,
          5,
          5,
          null,
          5,
          null,
          1,
          1,
          1,
          null,
          null,
          1,
          1,
          1,
          1,
          null,
          null,
          1,
          1,
          1,
          null,
          null,
          1,
          1,
          null,
          null
        ]
      },
      "/Users/james/Projects/panda_cms/spec/lib/panda/cms/editor_js/blocks/header_spec.rb": {
        "lines": [
          1,
          null,
          1,
          1,
          null,
          1,
          1,
          null,
          null,
          1,
          1,
          null,
          null,
          1,
          1,
          1,
          null,
          null,
          1,
          1,
          1,
          null,
          null
        ]
      },
      "/Users/james/Projects/panda_cms/spec/lib/panda/cms/editor_js/blocks/image_spec.rb": {
        "lines": [
          1,
          null,
          1,
          1,
          null,
          1,
          null,
          1,
          null,
          null,
          null,
          null,
          null,
          null,
          null,
          1,
          null,
          1,
          null,
          null,
          null,
          1,
          1,
          1,
          null,
          null,
          null,
          null,
          null,
          null,
          null,
          1,
          1,
          1,
          null,
          null,
          null,
          null,
          null,
          null
        ]
      },
      "/Users/james/Projects/panda_cms/spec/lib/panda/cms/editor_js/blocks/list_spec.rb": {
        "lines": [
          1,
          null,
          1,
          1,
          null,
          1,
          null,
          1,
          null,
          null,
          null,
          null,
          null,
          null,
          null,
          null,
          null,
          null,
          null,
          1,
          null,
          1,
          null,
          null,
          null,
          null,
          1,
          1,
          1,
          null,
          null,
          null,
          null,
          null,
          null,
          null,
          null,
          null,
          null,
          null,
          null,
          null,
          1,
          1,
          1,
          null,
          null,
          null,
          null,
          null,
          null,
          null
        ]
      },
      "/Users/james/Projects/panda_cms/spec/lib/panda/cms/editor_js/blocks/paragraph_spec.rb": {
        "lines": [
          1,
          null,
          1,
          1,
          null,
          1,
          1,
          null,
          null,
          1,
          1,
          null,
          null,
          1,
          1,
          null,
          null,
          1,
          1,
          1,
          null,
          null,
          1,
          1,
          1,
          null,
          null,
          1,
          1,
          1,
          null,
          null
        ]
      },
      "/Users/james/Projects/panda_cms/spec/lib/panda/cms/editor_js/blocks/quote_spec.rb": {
        "lines": [
          1,
          null,
          1,
          1,
          null,
          1,
          null,
          1,
          null,
          null,
          null,
          null,
          null,
          1,
          null,
          1,
          null,
          null,
          null,
          null,
          1,
          1,
          1,
          null,
          null,
          null,
          null,
          null,
          null,
          null,
          null,
          null,
          1,
          1,
          1,
          null,
          null,
          null,
          null,
          null,
          null,
          null,
          null
        ]
      },
      "/Users/james/Projects/panda_cms/spec/lib/panda/cms/editor_js/blocks/table_spec.rb": {
        "lines": [
          1,
          null,
          1,
          1,
          null,
          1,
          null,
          1,
          null,
          null,
          null,
          null,
          null,
          null,
          null,
          null,
          1,
          null,
          1,
          null,
          null,
          null,
          null,
          null,
          null,
          null,
          1,
          1,
          1,
          null,
          null,
          null,
          null,
          null,
          null,
          null,
          null,
          null,
          null,
          1,
          1,
          1,
          null,
          null,
          null,
          null,
          null,
          null,
          null,
          null,
          null
        ]
      },
      "/Users/james/Projects/panda_cms/spec/lib/panda/cms/editor_js/renderer_spec.rb": {
        "lines": [
          1,
          null,
          1,
          1,
          null,
          1,
          null,
          1,
          null,
          null,
          null,
          null,
          null,
          null,
          null,
          null,
          null,
          null,
          null,
          null,
          null,
          null,
          null,
          null,
          null,
          null,
          null,
          null,
          null,
          null,
          null,
          null,
          null,
          null,
          null,
          null,
          null,
          null,
          null,
          null,
          null,
          null,
          null,
          null,
          null,
          null,
          null,
          null,
          null,
          null,
          null,
          null,
          null,
          null,
          1,
          null,
          1,
          null,
          null,
          null,
          null,
          null,
          null,
          null,
          null,
          null,
          null,
          null,
          null,
          1,
          1,
          1,
          null,
          null,
          1,
          1,
          1,
          null,
          null,
          null,
          null,
          null,
          null,
          null,
          null,
          1,
          1,
          null,
          null,
          null,
          null,
          null,
          null,
          null,
          1,
          1,
          1,
          1,
          null,
          null,
          1,
          1,
          1,
          null,
          null,
          1,
          null,
          1,
          null,
          null,
          null,
          null,
          null,
          null,
          null,
          null,
          null,
          null,
          null,
          null,
          null,
          null,
          null,
          null,
          null,
          null,
          null,
          null,
          null,
          null,
          null,
          null,
          null,
          null,
          null,
          1,
          1,
          null,
          null,
          null,
          null,
          1,
          1,
          1,
          1,
          null,
          null,
          null,
          null,
          1,
          null,
          null,
          null,
          null,
          null,
          null,
          null,
          1,
          null,
          null,
          null,
          null,
          1,
          null,
          null,
          1,
          1,
          null,
          null,
          1,
          null,
          null,
          null,
          null,
          null,
          null,
          null,
          null,
          1,
          1,
          null,
          null,
          1,
          1,
          null,
          1,
          null,
          null,
          null,
          1,
          1,
          1,
          1,
          1,
          null,
          null,
          null,
          null,
          1,
          1,
          1,
          1,
          null,
          null,
          null,
          null,
          1,
          null,
          1,
          null,
          null,
          null,
          null,
          null,
          null,
          null,
          null,
          null,
          null,
          null,
          null,
          1,
          1,
          null,
          null,
          null,
          null,
          null,
          null,
          null,
          1,
          null,
          null,
          null,
          null,
          null,
          null,
          null,
          null,
          1,
          1,
          null,
          null,
          3,
          null,
          null,
          null,
          null,
          null,
          null,
          null,
          null,
          null,
          4,
          null,
          1,
          1,
          1,
          null,
          null,
          null,
          null,
          null,
          null,
          null,
          null,
          null,
          1,
          1,
          1,
          null,
          null,
          null,
          null,
          null,
          null,
          null,
          null,
          null,
          null,
          1,
          1,
          1,
          null,
          null,
          null,
          null,
          null,
          null,
          null,
          null,
          null,
          null,
          1,
          1,
          1,
          null,
          1,
          null,
          null,
          null,
          null,
          null,
          null,
          null,
          null,
          null,
          null,
          null,
          1,
          null,
          0,
          null,
          null,
          null,
          null,
          null,
          null,
          null,
          null,
          null,
          null,
          null,
          1,
          1,
          1,
          null,
          null,
          null,
          0,
          0,
          null,
          null,
          null,
          null,
          1,
          1,
          1,
          1,
          2,
          2,
          null,
          null,
          null,
          null,
          1,
          null,
          1,
          null,
          null,
          null,
          null,
          null,
          null,
          null,
          null,
          null,
          null,
          null,
          null,
          1,
          1,
          null,
          null,
          null,
          null,
          null,
          1,
          null,
          null,
          null,
          null,
          null,
          null,
          null,
          1,
          1,
          0,
          0,
          0,
          0,
          null,
          0,
          null,
          null,
          null,
          null,
          null,
          0,
          null,
          0,
          0,
          0,
          0,
          0,
          null,
          0,
          null,
          0,
          null,
          null,
          0,
          0,
          0,
          null,
          0,
          0,
          null,
          0,
          null,
          0,
          null,
          0,
          null,
          null,
          null,
          0,
          null,
          null,
          0,
          0,
          0,
          null,
          null,
          0,
          0,
          null,
          null,
          0,
          0,
          null,
          null,
          0,
          0,
          null,
          null,
          null,
          0,
          null,
          0,
          null,
          null,
          null,
          null,
          null,
          null,
          null,
          0,
          null,
          null,
          null,
          null,
          null,
          null,
          null,
          null,
          null,
          null,
          null,
          null,
          null,
          null,
          null,
          0,
          0,
          0,
          0,
          null,
          null,
          null,
          null,
          1,
          1,
          0,
          0,
          0,
          0,
          0,
          0,
          0,
          null,
          null,
          0,
          null,
          0,
          0,
          null,
          0,
          0,
          null,
          0,
          null,
          0,
          null,
          0,
          null,
          0,
          null,
          null,
          null,
          null,
          0,
          0,
          null,
          null,
          0,
          0,
          null,
          null,
          0,
          0,
          0,
          null,
          null,
          0,
          0,
          null,
          null,
          null,
          null,
          null,
          null,
          1,
          1,
          1,
          1,
          1,
          1,
          null,
          1,
          null,
          null,
          null,
          null,
          null,
          1,
          null,
          1,
          1,
          1,
          null,
          null,
          null,
          null,
          null,
          null,
          1,
          1,
          4,
          null,
          null,
          null,
          null,
          null,
          null,
          null,
          1,
          1,
          null,
          null,
          1,
          null,
          1,
          null,
          null,
          null,
          null,
          null,
          null,
          null,
          null,
          1,
          null,
          1,
          null,
          null,
          null,
          null,
          null,
          null,
          null,
          null,
          null,
          null,
          null,
          null,
          1,
          null,
          null,
          null,
          null,
          null,
          null,
          null,
          null,
          null,
          null,
          null,
          null,
          null,
          null,
          null,
          null,
          null,
          null,
          1,
          1,
          1,
          1,
          1,
          null,
          null,
          null,
          null,
          1,
          1,
          1,
          1,
          1,
          null,
          null,
          1,
          1,
          null,
          null,
          null,
          1,
          1,
          4,
          4,
          4,
          null,
          null,
          1,
          4,
          null,
          1,
          null,
          1,
          null,
          1,
          null,
          1,
          null,
          null,
          null
        ]
      },
      "/Users/james/Projects/panda_cms/spec/lib/panda/cms/slug_spec.rb": {
        "lines": [
          1,
          null,
          1,
          1,
          null,
          1,
          1,
          null,
          null,
          1,
          1,
          null,
          null,
          1,
          1,
          null,
          null,
          1,
          1,
          null,
          null,
          1,
          1,
          null,
          null
        ]
      },
      "/Users/james/Projects/panda_cms/spec/models/panda/cms/editor_js_content_spec.rb": {
        "lines": [
          1,
          null,
          1,
          1,
          2,
          2,
          2,
          2,
          null,
          2,
          null,
          null,
          2,
          2,
          null,
          null,
          null,
          3,
          null,
          1,
          null,
          1,
          null,
          null,
          null,
          null,
          null,
          null,
          null,
          null,
          null,
          null,
          null,
          1,
          1,
          1,
          null,
          null,
          1,
          1,
          1,
          1,
          null,
          null
        ]
      },
      "/Users/james/Projects/panda_cms/spec/models/panda/cms/post_spec.rb": {
        "lines": [
          1,
          null,
          1,
          1,
          2,
          null,
          1,
          null,
          1,
          null,
          null,
          null,
          null,
          null,
          null,
          null,
          null,
          null,
          null,
          null,
          1,
          1,
          1,
          null,
          1,
          1,
          null,
          null,
          null
        ]
      },
      "/Users/james/Projects/panda_cms/app/models/panda/cms/post.rb": {
        "lines": [
          1,
          null,
          1,
          1,
          1,
          1,
          null,
          1,
          null,
          1,
          null,
          null,
          null,
          1,
          null,
          1,
          null,
          1,
          1,
          null,
          null,
          null,
          null,
          null,
          null,
          null,
          1,
          1,
          null,
          1,
          null,
          null,
          null,
          null,
          null,
          null,
          1,
          0,
          null,
          null,
          1,
          0,
          0,
          0,
          null,
          null,
          1,
          0,
          null,
          null,
          1,
          0,
          0,
          null,
          0,
          null,
          null,
          null,
          null,
          null
        ]
      },
      "/Users/james/Projects/panda_cms/app/models/panda/cms/application_record.rb": {
        "lines": [
          1,
          1,
          1,
          1,
          null,
          null,
          null
        ]
      },
      "/Users/james/Projects/panda_cms/app/models/panda/cms/post_version.rb": {
        "lines": [
          1,
          1,
          1,
          1,
          1,
          null,
          null,
          null
        ]
      },
      "/Users/james/Projects/panda_cms/app/models/panda/cms/version.rb": {
        "lines": [
          1,
          1,
          1,
          1,
          1,
          null,
          null,
          null
        ]
      },
      "/Users/james/Projects/panda_cms/spec/models/panda/cms/template_spec.rb": {
        "lines": [
          1,
          null,
          1,
          1,
          null,
          1,
          2,
          2,
          2,
          null,
          null,
          1,
          2,
          2,
          2,
          2,
          null,
          1,
          1,
          1,
          1,
          null,
          null,
          1,
          1,
          1,
          null,
          null,
          1,
          1,
          1,
          1,
          null,
          null,
          null,
          1,
          2,
          null,
          1,
          1,
          null,
          null,
          1,
          1,
          1,
          null,
          null,
          null,
          null,
          1,
          2,
          2,
          2,
          null,
          1,
          1,
          1,
          null,
          null,
          1,
          1,
          1,
          1,
          1,
          null,
          null,
          null,
          null,
          1,
          null,
          null,
          null,
          2,
          2,
          1,
          2,
          null,
          null,
          null,
          null,
          null,
          null,
          1,
          2,
          2,
          null,
          null,
          1,
          1,
          1,
          null,
          null,
          null,
          1,
          1,
          1,
          1,
          null,
          null,
          null
        ]
      },
      "/Users/james/Projects/panda_cms/app/models/panda/cms/template.rb": {
        "lines": [
          1,
          1,
          null,
          1,
          1,
          null,
          null,
          1,
          null,
          null,
          null,
          null,
          1,
          1,
          1,
          null,
          null,
          1,
          null,
          1,
          null,
          null,
          null,
          null,
          1,
          null,
          null,
          1,
          15,
          null,
          null,
          1,
          9,
          null,
          null,
          null,
          null,
          1,
          null,
          37,
          null,
          null,
          2,
          null,
          null,
          null,
          6,
          null,
          6,
          6,
          null,
          null,
          6,
          1,
          null,
          null,
          6,
          6,
          null,
          null,
          null,
          4,
          null,
          4,
          4,
          4,
          null,
          4,
          null,
          null,
          null,
          4,
          4,
          null,
          null,
          0,
          null,
          null,
          null,
          4,
          2,
          2,
          null,
          null,
          null,
          null,
          null,
          null,
          null,
          null,
          1,
          null,
          null,
          null,
          null,
          1,
          null,
          150,
          null,
          150,
          null,
          150,
          null,
          null,
          null,
          null,
          1,
          0,
          null,
          0,
          null,
          0,
          null,
          null,
          0,
          0,
          null,
          null,
          null,
          null,
          1,
          null,
          null,
          null
        ]
      },
      "/Users/james/Projects/panda_cms/app/models/panda/cms/template_version.rb": {
        "lines": [
          1,
          1,
          1,
          1,
          1,
          null,
          null,
          null
        ]
      },
      "/Users/james/Projects/panda_cms/spec/models/panda/cms/user_spec.rb": {
        "lines": [
          1,
          null,
          1,
          1,
          2,
          2,
          2,
          2,
          null,
          null,
          1,
          1,
          1,
          1,
          null,
          null,
          null,
          1,
          2,
          null,
          1,
          1,
          1,
          null,
          1,
          1,
          null,
          null,
          null,
          1,
          2,
          null,
          1,
          1,
          null,
          null,
          null,
          1,
          1,
          1,
          1,
          null,
          null,
          1,
          1,
          1,
          1,
          null,
          null,
          null
        ]
      },
      "/Users/james/Projects/panda_cms/app/models/panda/cms/user.rb": {
        "lines": [
          1,
          1,
          1,
          1,
          1,
          1,
          null,
          1,
          null,
          1,
          2,
          null,
          null,
          1,
          4,
          null,
          null,
          1,
          3,
          null,
          null,
          1,
          null,
          1,
          35,
          null,
          null,
          null,
          null
        ]
      },
      "/Users/james/Projects/panda_cms/spec/system/admin/dashboard_spec.rb": {
        "lines": [
          1,
          null,
          1,
          1,
          1,
          1,
          1,
          1,
          null,
          null,
          null,
          1,
          2,
          null,
          1,
          1,
          1,
          null,
          null,
          null,
          1,
          3,
          null,
          1,
          1,
          1,
          null,
          null,
          1,
          1,
          1,
          1,
          1,
          1,
          1,
          1,
          null,
          null,
          null
        ]
      },
      "/Users/james/Projects/panda_cms/spec/system_helper.rb": {
        "lines": [
          null,
          1,
          1,
          null,
          null,
          6,
          null,
          1,
          1,
          35,
          null,
          null,
          1,
          null,
          1,
          null,
          null
        ]
      },
      "/Users/james/Projects/panda_cms/spec/system/support/better_rails_system_tests.rb": {
        "lines": [
          1,
          null,
          null,
          1,
          4,
          0,
          null,
          null,
          null,
          1,
          1,
          null,
          null,
          null,
          1,
          35,
          35,
          35,
          35,
          null,
          null,
          null,
          null,
          1,
          35,
          null,
          35,
          null,
          null
        ]
      },
      "/Users/james/Projects/panda_cms/spec/system/support/capybara_setup.rb": {
        "lines": [
          null,
          null,
          null,
          null,
          null,
          null,
          null,
          null,
          null,
          null,
          null,
          null,
          null,
          null,
          null,
          null,
          null,
          null,
          null,
          null,
          null,
          null,
          null,
          null,
          null,
          null,
          null,
          null,
          null,
          null,
          null,
          null,
          null,
          null,
          null,
          null,
          null,
          null,
          null,
          null,
          null,
          null,
          null,
          null,
          null,
          1,
          null,
          null,
          null,
          null,
          1,
          null,
          null,
          null,
          2,
          null,
          null,
          1,
          null,
          null,
          1,
          1,
          null,
          1,
          0,
          0,
          null,
          0,
          null,
          null,
          null,
          1,
          1,
          null,
          1,
          1,
          35,
          35,
          null,
          null,
          null,
          1,
          1
        ]
      },
      "/Users/james/Projects/panda_cms/spec/system/support/cuprite_helpers.rb": {
        "lines": [
          null,
          1,
          null,
          null,
          1,
          null,
          null,
          null,
          null,
          null,
          null,
          null,
          null,
          null,
          null,
          null,
          null,
          null,
          null,
          null,
          null,
          null,
          null,
          null,
          null,
          null,
          null,
          null,
          1,
          0,
          null,
          null,
          1,
          1,
          null,
          null,
          null,
          1,
          null,
          1,
          null,
          null,
          null,
          1,
          0,
          null,
          null,
          null,
          null,
          1,
          0,
          null,
          null,
          null,
          null,
          1,
          2,
          4,
          null,
          null,
          null,
          null,
          1,
          1,
          null
        ]
      },
      "/Users/james/Projects/panda_cms/spec/system/support/omni_auth_helpers.rb": {
        "lines": [
          null,
          1,
          1,
          1,
          null,
          null,
          1,
          1,
          27,
          null,
          null,
          null,
          null,
          null,
          null,
          null,
          null,
          null,
          null,
          null,
          null,
          27,
          null,
          27,
          null,
          null,
          1,
          0,
          null,
          null,
          null,
          null,
          null,
          null,
          null,
          null,
          null,
          null,
          null,
          null,
          0,
          0,
          0,
          null,
          0,
          0,
          null,
          null,
          1,
          1,
          null,
          null,
          null,
          null,
          null,
          null,
          null,
          null,
          1,
          1,
          null,
          1,
          1,
          null,
          null,
          1,
          1,
          null,
          null,
          null,
          null,
          null,
          null,
          null,
          null,
          null,
          1,
          1,
          null,
          1,
          1,
          null,
          null,
          1,
          20,
          20,
          null,
          null,
          20,
          0,
          0,
          null,
          null,
          20,
          null,
          null,
          1,
          3,
          null,
          null,
          null,
          null,
          1,
          26,
          null,
          null,
          null,
          null,
          null,
          null,
          null,
          null,
          1,
          4,
          null,
          null,
          null,
          null,
          null,
          null,
          null,
          null,
          null,
          1,
          1,
          null
        ]
      },
      "/Users/james/Projects/panda_cms/spec/system/support/precompile_assets.rb": {
        "lines": [
          null,
          null,
          null,
          null,
          null,
          null,
          null,
          null,
          null,
          null,
          null,
          null,
          null,
          null,
          null
        ]
      },
      "/Users/james/Projects/panda_cms/spec/system/admin/login_spec.rb": {
        "lines": [
          1,
          null,
          1,
          1,
          1,
          1,
          1,
          1,
          1,
          null,
          null,
          null,
          1,
          1,
          1,
          1,
          1,
          1,
          null,
          null,
          null,
          1,
          1,
          1,
          1,
          1,
          0,
          null,
          null,
          null,
          null,
          1,
          1,
          1,
          1,
          1,
          1,
          null,
          null,
          null,
          1,
          1,
          1,
          1,
          1,
          1,
          1,
          null,
          null,
          1,
          1,
          1,
          1,
          1,
          null,
          null,
          null,
          1,
          1,
          null,
          1,
          1,
          null,
          null,
          1,
          1,
          null,
          1,
          1,
          1,
          null,
          null,
          null
        ]
      },
      "/Users/james/Projects/panda_cms/spec/system/admin/pages/add_page_spec.rb": {
        "lines": [
          1,
          null,
          1,
          1,
          2,
          null,
          1,
          1,
          1,
          null,
          null,
          null,
          1,
          2,
          null,
          1,
          1,
          1,
          1,
          null,
          null,
          null,
          1,
          1,
          null,
          1,
          9,
          9,
          null,
          null,
          1,
          1,
          1,
          1,
          1,
          1,
          null,
          null,
          1,
          1,
          1,
          1,
          1,
          1,
          1,
          null,
          1,
          1,
          null,
          null,
          null,
          1,
          1,
          1,
          1,
          1,
          1,
          1,
          1,
          1,
          1,
          null,
          null,
          1,
          1,
          1,
          null,
          null,
          1,
          0,
          0,
          0,
          0,
          0,
          0,
          0,
          0,
          0,
          0,
          null,
          0,
          0,
          null,
          null,
          null,
          1,
          1,
          null,
          null,
          1,
          1,
          1,
          1,
          null,
          null,
          1,
          1,
          1,
          1,
          null,
          null,
          1,
          1,
          1,
          1,
          null,
          null,
          1,
          1,
          1,
          1,
          null,
          null,
          null
        ]
      },
      "/Users/james/Projects/panda_cms/spec/system/admin/pages/edit_page_spec.rb": {
        "lines": [
          1,
          null,
          1,
          1,
          2,
          null,
          1,
          1,
          1,
          null,
          null,
          null,
          1,
          2,
          null,
          1,
          1,
          1,
          1,
          null,
          null,
          null,
          1,
          1,
          9,
          null,
          1,
          8,
          8,
          null,
          null,
          1,
          1,
          1,
          null,
          null,
          1,
          null,
          1,
          null,
          1,
          1,
          null,
          null,
          null,
          null,
          1,
          1,
          1,
          1,
          1,
          null,
          1,
          null,
          null,
          1,
          1,
          null,
          null,
          1,
          1,
          1,
          1,
          null,
          null,
          1,
          1,
          1,
          1,
          null,
          null,
          null,
          1,
          1,
          null,
          1,
          1,
          null,
          null,
          1,
          null,
          1,
          1,
          null,
          null,
          1,
          1,
          null,
          1,
          null,
          1,
          null,
          null,
          1,
          1,
          null,
          null,
          1,
          null,
          1,
          1,
          null,
          null,
          1,
          1,
          1,
          1,
          null,
          null,
          1,
          null,
          1,
          1,
          0,
          null,
          null,
          null
        ]
      },
      "/Users/james/Projects/panda_cms/spec/system/admin/pages/list_pages_spec.rb": {
        "lines": [
          1,
          null,
          1,
          1,
          1,
          1,
          1,
          null,
          null,
          1,
          1,
          1,
          1,
          null,
          null,
          null,
          null,
          null,
          null,
          null,
          null,
          null,
          null,
          null,
          null,
          null,
          null,
          null,
          null,
          null,
          null,
          null,
          null,
          null,
          null,
          null,
          null,
          null,
          null,
          null,
          null,
          null,
          null,
          null,
          null,
          null,
          null
        ]
      },
      "/Users/james/Projects/panda_cms/spec/system/website_spec.rb": {
        "lines": [
          1,
          null,
          1,
          1,
          1,
          1,
          null,
          1,
          null,
          1,
          null,
          1,
          null,
          null,
          1,
          1,
          1,
          0,
          0,
          null,
          null
        ]
      },
      "/Users/james/Projects/panda_cms/spec/dummy/db/seeds.rb": {
        "lines": [
          1
        ]
      },
      "/Users/james/Projects/panda_cms/db/seeds.rb": {
        "lines": [
          1,
          1,
          1,
          1,
          1
        ]
      },
      "/Users/james/Projects/panda_cms/app/models/panda/cms/page.rb": {
        "lines": [
          1,
          null,
          1,
          1,
          1,
          1,
          1,
          1,
          null,
          1,
          null,
          null,
          null,
          1,
          null,
          1,
          1,
          1,
          1,
          1,
          1,
          1,
          null,
          1,
          null,
          1,
          null,
          null,
          null,
          null,
          1,
          null,
          176,
          null,
          1,
          null,
          null,
          1,
          null,
          1,
          null,
          null,
          null,
          null,
          null,
          null,
          null,
          null,
          null,
          null,
          null,
          null,
          1,
          171,
          171,
          null,
          null,
          1,
          null,
          null,
          null,
          null,
          null,
          null,
          null,
          1,
          171,
          171,
          171,
          null,
          null,
          1,
          171,
          174,
          171,
          null,
          171,
          1,
          3,
          null,
          null,
          null,
          null,
          null,
          null,
          null,
          null,
          null,
          null,
          null,
          1,
          171,
          null,
          null,
          null,
          null
        ]
      },
      "/Users/james/Projects/panda_cms/app/models/panda/cms/page_version.rb": {
        "lines": [
          1,
          1,
          1,
          1,
          1,
          null,
          null,
          null
        ]
      },
      "/Users/james/Projects/panda_cms/app/models/panda/cms/block.rb": {
        "lines": [
          1,
          1,
          1,
          1,
          null,
          1,
          1,
          null,
          1,
          1,
          1,
          null,
          null,
          null,
          null,
          1,
          null,
          null,
          null,
          null,
          null,
          null,
          null,
          null,
          null,
          null,
          null,
          null,
          null,
          null,
          null,
          null,
          null,
          null
        ]
      },
      "/Users/james/Projects/panda_cms/app/models/panda/cms/block_content.rb": {
        "lines": [
          1,
          1,
          1,
          1,
          null,
          1,
          null,
          1,
          null,
          null,
          null,
          1,
          1,
          null,
          1,
          null,
          null,
          null
        ]
      },
      "/Users/james/Projects/panda_cms/app/models/panda/cms/block_content_version.rb": {
        "lines": [
          1,
          1,
          1,
          1,
          1,
          null,
          null,
          null
        ]
      },
      "/Users/james/Projects/panda_cms/app/models/panda/cms/menu_item.rb": {
        "lines": [
          1,
          null,
          1,
          1,
          1,
          1,
          null,
          1,
          1,
          null,
          1,
          1,
          null,
          1,
          148,
          148,
          null,
          1,
          null,
          null,
          null,
          null,
          null,
          null,
          null,
          null,
          null,
          1,
          0,
          0,
          0,
          0,
          null,
          0,
          null,
          null,
          null,
          1,
          null,
          null,
          null,
          null,
          null,
          null,
          1,
          147,
          0,
          0,
          null,
          null,
          147,
          0,
          0,
          null,
          null,
          null,
          null,
          null
        ]
      },
      "/Users/james/Projects/panda_cms/app/models/panda/cms/menu.rb": {
        "lines": [
          1,
          1,
          1,
          1,
          null,
          106,
          null,
          109,
          1,
          null,
          1,
          null,
          1,
          1,
          1,
          null,
          1,
          73,
          null,
          null,
          73,
          73,
          73,
          73,
          null,
          null,
          null,
          1,
          null,
          1,
          147,
          74,
          74,
          74,
          null,
          null,
          null,
          null,
          null,
          null,
          null,
          null,
          null,
          null,
          1,
          105,
          0,
          null,
          null,
          null,
          null,
          null
        ]
      },
      "/Users/james/Projects/panda_cms/spec/dummy/config/routes.rb": {
        "lines": [
          1,
          null,
          null,
          null,
          null,
          1,
          null
        ]
      },
      "/Users/james/Projects/panda_cms/config/routes.rb": {
        "lines": [
          1,
          null,
          1,
          1,
          1,
          1,
          1,
          1,
          1,
          1,
          null,
          1,
          null,
          1,
          1,
          1,
          1,
          null,
          null,
          1,
          0,
          null,
          null,
          null,
          1,
          null,
          null,
          null,
          null,
          null,
          1,
          null,
          1,
          1,
          null,
          1,
          null,
          1,
          null,
          null,
          null,
          1,
          null,
          null,
          null,
          null,
          null,
          null
        ]
      },
      "/Users/james/Projects/panda_cms/app/constraints/panda/cms/admin_constraint.rb": {
        "lines": [
          1,
          1,
          1,
          1,
          1,
          null,
          null,
          1,
          77,
          77,
          null,
          null,
          1,
          77,
          null,
          null,
          null,
          null
        ]
      },
      "/Users/james/Projects/panda_cms/app/controllers/panda/cms/pages_controller.rb": {
        "lines": [
          1,
          1,
          1,
          1,
          null,
          1,
          1,
          null,
          1,
          1,
          1,
          null,
          null,
          1,
          21,
          0,
          null,
          21,
          null,
          null,
          21,
          21,
          0,
          null,
          null,
          21,
          null,
          21,
          null,
          5,
          null,
          null,
          null,
          16,
          null,
          null,
          null,
          16,
          null,
          null,
          1,
          null,
          1,
          21,
          0,
          null,
          null,
          null,
          1,
          null,
          21,
          null,
          21,
          null,
          21,
          null,
          null,
          1,
          21,
          null,
          null,
          null,
          null,
          null,
          null,
          null,
          null,
          null,
          null,
          null,
          null,
          null
        ]
      },
      "/Users/james/Projects/panda_cms/app/models/panda/cms/current.rb": {
        "lines": [
          1,
          1,
          1,
          1,
          1,
          1,
          null,
          null,
          null,
          null,
          null,
          null,
          null,
          null,
          null,
          null,
          null
        ]
      },
      "/Users/james/Projects/panda_cms/app/jobs/panda/cms/record_visit_job.rb": {
        "lines": [
          1,
          1,
          1,
          1,
          null,
          1,
          null,
          null,
          null,
          null,
          null,
          null,
          null,
          null,
          null,
          null,
          0,
          null,
          null,
          null,
          null,
          null,
          null,
          null,
          null,
          null,
          null,
          null,
          null,
          null,
          null
        ]
      },
      "/Users/james/Projects/panda_cms/app/jobs/panda/cms/application_job.rb": {
        "lines": [
          1,
          1,
          1,
          null,
          null,
          null
        ]
      },
      "/Users/james/Projects/panda_cms/app/components/panda/cms/text_component.rb": {
        "lines": [
          null,
          null,
          1,
          1,
          null,
          null,
          null,
          null,
          null,
          1,
          1,
          null,
          null,
          1,
          null,
          1,
          15,
          15,
          15,
          15,
          15,
          null,
          null,
          1,
          15,
          null,
          0,
          0,
          null,
          0,
          null,
          null,
          null,
          null,
          null,
          null,
          null,
          1,
          null,
          5,
          null,
          null,
          null,
          null,
          1,
          15,
          null,
          15,
          null,
          15,
          0,
          null,
          null,
          15,
          15,
          15,
          10,
          10,
          null,
          null,
          null,
          null,
          null,
          10,
          10,
          null,
          5,
          null,
          null,
          null,
          null,
          null
        ]
      },
      "/Users/james/Projects/panda_cms/app/components/panda/cms/code_component.rb": {
        "lines": [
          null,
          null,
          1,
          1,
          null,
          null,
          null,
          null,
          null,
          1,
          1,
          null,
          1,
          15,
          15,
          15,
          15,
          15,
          null,
          15,
          null,
          null,
          1,
          null,
          15,
          null,
          15,
          0,
          0,
          null,
          null,
          15,
          15,
          null,
          15,
          10,
          10,
          null,
          null,
          null,
          null,
          10,
          10,
          null,
          10,
          null,
          10,
          null,
          5,
          null,
          null,
          null,
          1,
          null,
          15,
          null,
          null,
          1,
          null,
          15,
          null,
          null,
          null,
          null
        ]
      },
      "/Users/james/Projects/panda_cms/app/components/panda/cms/rich_text_component.rb": {
        "lines": [
          null,
          null,
          1,
          1,
          null,
          null,
          null,
          null,
          null,
          1,
          1,
          null,
          1,
          1,
          1,
          null,
          1,
          15,
          15,
          15,
          15,
          null,
          null,
          null,
          1,
          15,
          15,
          15,
          15,
          0,
          null,
          null,
          15,
          15,
          null,
          15,
          10,
          null,
          null,
          null,
          null,
          10,
          5,
          0,
          0,
          null,
          5,
          null,
          null,
          0,
          0,
          null,
          0,
          null,
          0,
          null,
          null,
          null,
          1,
          15,
          null,
          null,
          null,
          null
        ]
      },
      "/Users/james/Projects/panda_cms/app/controllers/panda/cms/admin/sessions_controller.rb": {
        "lines": [
          null,
          null,
          1,
          1,
          1,
          1,
          1,
          null,
          1,
          40,
          null,
          null,
          1,
          28,
          28,
          null,
          28,
          0,
          0,
          0,
          null,
          null,
          28,
          null,
          28,
          0,
          null,
          null,
          null,
          0,
          0,
          null,
          null,
          0,
          0,
          0,
          0,
          0,
          null,
          null,
          0,
          null,
          null,
          0,
          0,
          0,
          0,
          null,
          null,
          null,
          28,
          null,
          0,
          0,
          0,
          null,
          null,
          28,
          null,
          4,
          4,
          4,
          null,
          null,
          24,
          24,
          null,
          24,
          24,
          null,
          0,
          0,
          null,
          0,
          0,
          null,
          0,
          0,
          null,
          null,
          1,
          1,
          1,
          null,
          null,
          1,
          1,
          1,
          1,
          null,
          null,
          null,
          null,
          null
        ]
      },
      "/Users/james/Projects/panda_cms/app/controllers/panda/cms/admin/dashboard_controller.rb": {
        "lines": [
          1,
          null,
          1,
          1,
          1,
          1,
          1,
          null,
          null,
          1,
          null,
          null,
          1,
          null,
          1,
          26,
          null,
          null,
          null,
          null
        ]
      },
      "/Users/james/Projects/panda_cms/app/models/panda/cms/breadcrumb.rb": {
        "lines": [
          1,
          1,
          1,
          1,
          null,
          1,
          78,
          78,
          null,
          null,
          null,
          null
        ]
      },
      "/Users/james/Projects/panda_cms/app/components/panda/cms/admin/container_component.rb": {
        "lines": [
          null,
          null,
          1,
          1,
          1,
          1,
          1,
          1,
          1,
          null,
          null,
          null,
          null
        ]
      },
      "/Users/james/Projects/panda_cms/app/components/panda/cms/admin/heading_component.rb": {
        "lines": [
          null,
          null,
          1,
          1,
          1,
          1,
          1,
          null,
          1,
          null,
          1,
          52,
          52,
          52,
          52,
          52,
          null,
          null,
          1,
          52,
          52,
          null,
          52,
          28,
          28,
          null,
          null,
          null,
          52,
          52,
          null,
          52,
          52,
          0,
          0,
          0,
          0,
          0,
          0,
          null,
          null,
          null,
          null,
          null,
          null
        ]
      },
      "/Users/james/Projects/panda_cms/app/components/panda/cms/admin/button_component.rb": {
        "lines": [
          null,
          null,
          1,
          1,
          1,
          1,
          1,
          null,
          1,
          38,
          38,
          38,
          38,
          38,
          38,
          38,
          null,
          null,
          1,
          38,
          38,
          38,
          null,
          38,
          null,
          38,
          null,
          0,
          null,
          38,
          null,
          0,
          null,
          null,
          38,
          null,
          0,
          null,
          10,
          null,
          0,
          null,
          0,
          null,
          28,
          null,
          null,
          38,
          38,
          null,
          null,
          null,
          1,
          null,
          1,
          28,
          null,
          28,
          null,
          0,
          null,
          0,
          null,
          0,
          null,
          null,
          null,
          null,
          null,
          null
        ]
      },
      "/Users/james/Projects/panda_cms/app/components/panda/cms/admin/statistics_component.rb": {
        "lines": [
          null,
          null,
          1,
          1,
          1,
          1,
          1,
          1,
          null,
          1,
          78,
          78,
          null,
          null,
          null,
          null,
          null
        ]
      },
      "/Users/james/Projects/panda_cms/app/models/panda/cms/visit.rb": {
        "lines": [
          1,
          1,
          1,
          1,
          1,
          1,
          null,
          null,
          null
        ]
      },
      "/Users/james/Projects/panda_cms/app/components/panda/cms/admin/flash_message_component.rb": {
        "lines": [
          null,
          null,
          1,
          1,
          1,
          1,
          1,
          null,
          1,
          57,
          57,
          57,
          null,
          null,
          1,
          114,
          null,
          72,
          null,
          40,
          null,
          0,
          null,
          2,
          null,
          0,
          null,
          null,
          null,
          1,
          57,
          null,
          36,
          null,
          0,
          null,
          0,
          null,
          1,
          null,
          20,
          null,
          null,
          null,
          null,
          null,
          null
        ]
      },
      "/Users/james/Projects/panda_cms/app/controllers/panda/cms/admin/pages_controller.rb": {
        "lines": [
          null,
          null,
          1,
          1,
          1,
          1,
          1,
          1,
          1,
          null,
          null,
          null,
          null,
          1,
          2,
          2,
          null,
          null,
          null,
          null,
          1,
          9,
          9,
          null,
          null,
          null,
          null,
          1,
          10,
          null,
          10,
          null,
          null,
          null,
          1,
          6,
          6,
          1,
          1,
          null,
          5,
          5,
          5,
          null,
          null,
          null,
          null,
          null,
          1,
          1,
          1,
          null,
          null,
          null,
          0,
          0,
          null,
          null,
          null,
          1,
          null,
          null,
          null,
          null,
          1,
          51,
          11,
          null,
          9,
          null,
          null,
          null,
          1,
          28,
          null,
          null,
          1,
          14,
          14,
          null,
          null,
          null,
          null,
          null,
          1,
          7,
          null,
          null,
          null,
          null,
          null
        ]
      },
      "/Users/james/Projects/panda_cms/app/components/panda/cms/admin/table_component.rb": {
        "lines": [
          null,
          null,
          1,
          1,
          1,
          1,
          1,
          null,
          1,
          2,
          2,
          2,
          null,
          null,
          1,
          6,
          null,
          null,
          1,
          null,
          null,
          1,
          2,
          null,
          null,
          null,
          1,
          1,
          null,
          1,
          6,
          6,
          null,
          null,
          null,
          1,
          1,
          null,
          1,
          0,
          0,
          null,
          null,
          null,
          null,
          null
        ]
      },
      "/Users/james/Projects/panda_cms/app/components/panda/cms/admin/tag_component.rb": {
        "lines": [
          null,
          null,
          1,
          1,
          1,
          1,
          1,
          null,
          1,
          8,
          8,
          null,
          null,
          1,
          8,
          null,
          8,
          null,
          4,
          null,
          0,
          null,
          4,
          null,
          0,
          null,
          null,
          8,
          8,
          null,
          null,
          null,
          null,
          null,
          null
        ]
      },
      "/Users/james/Projects/panda_cms/app/components/panda/cms/admin/user_activity_component.rb": {
        "lines": [
          null,
          null,
          1,
          1,
          1,
          1,
          1,
          1,
          1,
          null,
          null,
          1,
          8,
          8,
          8,
          8,
          0,
          0,
          null,
          0,
          0,
          0,
          null,
          null,
          8,
          8,
          8,
          null,
          null,
          null,
          null,
          null,
          null
        ]
      },
      "/Users/james/Projects/panda_cms/app/builders/panda/cms/form_builder.rb": {
        "lines": [
          1,
          1,
          1,
          1,
          null,
          1,
          86,
          null,
          null,
          1,
          48,
          14,
          14,
          null,
          28,
          null,
          null,
          null,
          null,
          34,
          34,
          null,
          null,
          null,
          null,
          1,
          0,
          0,
          null,
          null,
          null,
          1,
          0,
          0,
          null,
          null,
          null,
          1,
          0,
          0,
          null,
          null,
          null,
          1,
          0,
          0,
          null,
          null,
          null,
          1,
          24,
          24,
          null,
          null,
          null,
          1,
          14,
          14,
          null,
          null,
          null,
          1,
          0,
          0,
          null,
          null,
          null,
          1,
          0,
          0,
          null,
          null,
          null,
          1,
          14,
          null,
          0,
          null,
          0,
          null,
          14,
          null,
          14,
          14,
          0,
          null,
          null,
          14,
          0,
          null,
          14,
          null,
          null,
          14,
          null,
          null,
          1,
          10,
          null,
          null,
          1,
          0,
          0,
          null,
          null,
          null,
          1,
          0,
          0,
          null,
          null,
          null,
          1,
          0,
          0,
          null,
          null,
          null,
          1,
          0,
          0,
          null,
          null,
          null,
          1,
          86,
          14,
          null,
          null,
          null,
          1,
          null,
          1,
          86,
          null,
          null,
          1,
          86,
          null,
          null,
          1,
          14,
          null,
          null,
          1,
          24,
          null,
          null,
          1,
          86,
          null,
          null,
          1,
          0,
          null,
          null,
          null,
          null
        ]
      },
      "/Users/james/Projects/panda_cms/app/components/panda/cms/admin/slideover_component.rb": {
        "lines": [
          null,
          null,
          1,
          1,
          1,
          1,
          1,
          null,
          1,
          10,
          null,
          null,
          null,
          null,
          null
        ]
      },
      "/Users/james/Projects/panda_cms/app/controllers/panda/cms/admin/block_contents_controller.rb": {
        "lines": [
          null,
          null,
          1,
          1,
          1,
          1,
          1,
          1,
          1,
          1,
          null,
          null,
          null,
          1,
          9,
          9,
          9,
          null,
          0,
          null,
          null,
          null,
          1,
          null,
          null,
          null,
          1,
          9,
          null,
          null,
          null,
          null,
          1,
          9,
          null,
          null,
          null,
          null,
          null,
          1,
          0,
          null,
          null,
          null,
          null,
          null
        ]
      }
    },
    "timestamp": 1733184419
  }
}
